[2022-08-22 19:00:39Z INFO HostContext] No proxy settings were found based on environmental variables (http_proxy/https_proxy/HTTP_PROXY/HTTPS_PROXY)
[2022-08-22 19:00:39Z INFO HostContext] Well known directory 'Bin': 'E:\React\automaticdeploy-practice\actions-runner\bin'
[2022-08-22 19:00:39Z INFO HostContext] Well known directory 'Root': 'E:\React\automaticdeploy-practice\actions-runner'
[2022-08-22 19:00:39Z INFO HostContext] Well known config file 'Credentials': 'E:\React\automaticdeploy-practice\actions-runner\.credentials'
[2022-08-22 19:00:39Z INFO HostContext] Well known directory 'Bin': 'E:\React\automaticdeploy-practice\actions-runner\bin'
[2022-08-22 19:00:39Z INFO HostContext] Well known directory 'Root': 'E:\React\automaticdeploy-practice\actions-runner'
[2022-08-22 19:00:39Z INFO HostContext] Well known config file 'Runner': 'E:\React\automaticdeploy-practice\actions-runner\.runner'
[2022-08-22 19:00:39Z INFO Listener] Runner is built for Windows (X64) - win-x64.
[2022-08-22 19:00:39Z INFO Listener] RuntimeInformation: Microsoft Windows 10.0.22000.
[2022-08-22 19:00:39Z INFO Listener] Version: 2.295.0
[2022-08-22 19:00:39Z INFO Listener] Commit: 78d13b4c96e0857c1323febcb0cac7d8f5cf5822
[2022-08-22 19:00:39Z INFO Listener] Culture: en-IN
[2022-08-22 19:00:39Z INFO Listener] UI Culture: en-US
[2022-08-22 19:00:39Z INFO HostContext] Well known directory 'Bin': 'E:\React\automaticdeploy-practice\actions-runner\bin'
[2022-08-22 19:00:39Z INFO HostContext] Well known directory 'Root': 'E:\React\automaticdeploy-practice\actions-runner'
[2022-08-22 19:00:39Z INFO Listener] Validating directory permissions for: 'E:\React\automaticdeploy-practice\actions-runner'
[2022-08-22 19:00:39Z INFO CommandLineParser] Parse
[2022-08-22 19:00:39Z INFO CommandLineParser] Parsing 1 args
[2022-08-22 19:00:39Z INFO CommandLineParser] parsing argument
[2022-08-22 19:00:39Z INFO CommandLineParser] HasArgs: False
[2022-08-22 19:00:39Z INFO CommandLineParser] Adding Command: run
[2022-08-22 19:00:39Z INFO Listener] Arguments parsed
[2022-08-22 19:00:39Z INFO Runner] ExecuteCommand
[2022-08-22 19:00:39Z INFO ConfigurationStore] currentAssemblyLocation: E:\React\automaticdeploy-practice\actions-runner\bin\Runner.Listener.dll
[2022-08-22 19:00:39Z INFO HostContext] Well known directory 'Bin': 'E:\React\automaticdeploy-practice\actions-runner\bin'
[2022-08-22 19:00:39Z INFO ConfigurationStore] binPath: E:\React\automaticdeploy-practice\actions-runner\bin
[2022-08-22 19:00:39Z INFO HostContext] Well known directory 'Bin': 'E:\React\automaticdeploy-practice\actions-runner\bin'
[2022-08-22 19:00:39Z INFO HostContext] Well known directory 'Root': 'E:\React\automaticdeploy-practice\actions-runner'
[2022-08-22 19:00:39Z INFO ConfigurationStore] RootFolder: E:\React\automaticdeploy-practice\actions-runner
[2022-08-22 19:00:39Z INFO HostContext] Well known directory 'Bin': 'E:\React\automaticdeploy-practice\actions-runner\bin'
[2022-08-22 19:00:39Z INFO HostContext] Well known directory 'Root': 'E:\React\automaticdeploy-practice\actions-runner'
[2022-08-22 19:00:39Z INFO HostContext] Well known config file 'Runner': 'E:\React\automaticdeploy-practice\actions-runner\.runner'
[2022-08-22 19:00:39Z INFO ConfigurationStore] ConfigFilePath: E:\React\automaticdeploy-practice\actions-runner\.runner
[2022-08-22 19:00:39Z INFO HostContext] Well known directory 'Bin': 'E:\React\automaticdeploy-practice\actions-runner\bin'
[2022-08-22 19:00:39Z INFO HostContext] Well known directory 'Root': 'E:\React\automaticdeploy-practice\actions-runner'
[2022-08-22 19:00:39Z INFO HostContext] Well known config file 'Credentials': 'E:\React\automaticdeploy-practice\actions-runner\.credentials'
[2022-08-22 19:00:39Z INFO ConfigurationStore] CredFilePath: E:\React\automaticdeploy-practice\actions-runner\.credentials
[2022-08-22 19:00:39Z INFO HostContext] Well known directory 'Bin': 'E:\React\automaticdeploy-practice\actions-runner\bin'
[2022-08-22 19:00:39Z INFO HostContext] Well known directory 'Root': 'E:\React\automaticdeploy-practice\actions-runner'
[2022-08-22 19:00:39Z INFO HostContext] Well known config file 'MigratedCredentials': 'E:\React\automaticdeploy-practice\actions-runner\.credentials_migrated'
[2022-08-22 19:00:39Z INFO ConfigurationStore] MigratedCredFilePath: E:\React\automaticdeploy-practice\actions-runner\.credentials_migrated
[2022-08-22 19:00:39Z INFO HostContext] Well known directory 'Bin': 'E:\React\automaticdeploy-practice\actions-runner\bin'
[2022-08-22 19:00:39Z INFO HostContext] Well known directory 'Root': 'E:\React\automaticdeploy-practice\actions-runner'
[2022-08-22 19:00:39Z INFO HostContext] Well known config file 'Service': 'E:\React\automaticdeploy-practice\actions-runner\.service'
[2022-08-22 19:00:39Z INFO ConfigurationStore] ServiceConfigFilePath: E:\React\automaticdeploy-practice\actions-runner\.service
[2022-08-22 19:00:39Z INFO CommandSettings] Flag 'help': 'False'
[2022-08-22 19:00:39Z INFO CommandSettings] Flag 'version': 'False'
[2022-08-22 19:00:39Z INFO CommandSettings] Flag 'commit': 'False'
[2022-08-22 19:00:39Z INFO CommandSettings] Flag 'check': 'False'
[2022-08-22 19:00:39Z INFO CommandSettings] Command 'configure': 'False'
[2022-08-22 19:00:39Z INFO CommandSettings] Command 'remove': 'False'
[2022-08-22 19:00:39Z INFO CommandSettings] Command 'warmup': 'False'
[2022-08-22 19:00:39Z INFO ConfigurationManager] LoadSettings
[2022-08-22 19:00:39Z INFO ConfigurationStore] IsConfigured()
[2022-08-22 19:00:39Z INFO ConfigurationStore] IsConfigured: True
[2022-08-22 19:00:39Z INFO ConfigurationManager] Is configured: True
[2022-08-22 19:00:39Z INFO ConfigurationStore] Read setting file: 311 chars
[2022-08-22 19:00:39Z INFO ConfigurationManager] Settings Loaded
[2022-08-22 19:00:39Z INFO ConfigurationStore] IsServiceConfigured()
[2022-08-22 19:00:39Z INFO ConfigurationStore] IsServiceConfigured: False
[2022-08-22 19:00:39Z INFO CommandSettings] Command 'run': 'True'
[2022-08-22 19:00:39Z INFO ConfigurationStore] IsConfigured()
[2022-08-22 19:00:39Z INFO ConfigurationStore] IsConfigured: True
[2022-08-22 19:00:39Z INFO ConfigurationManager] Is configured: True
[2022-08-22 19:00:39Z INFO Runner] Could not parse the argument value '' for StartupType. Defaulting to Manual
[2022-08-22 19:00:39Z INFO Runner] Set runner startup type - Manual
[2022-08-22 19:00:39Z INFO CommandSettings] Flag 'once': 'False'
[2022-08-22 19:00:39Z INFO CommandSettings] Flag 'once': 'False'
[2022-08-22 19:00:39Z INFO Runner] RunAsync
[2022-08-22 19:00:39Z INFO ConfigurationManager] LoadSettings
[2022-08-22 19:00:39Z INFO ConfigurationStore] IsConfigured()
[2022-08-22 19:00:39Z INFO ConfigurationStore] IsConfigured: True
[2022-08-22 19:00:39Z INFO ConfigurationManager] Is configured: True
[2022-08-22 19:00:39Z INFO ConfigurationManager] Settings Loaded
[2022-08-22 19:00:39Z INFO MessageListener] {
  "AgentId": 2,
  "AgentName": "react-app",
  "PoolId": 1,
  "PoolName": "Default",
  "ServerUrl": "https://pipelines.actions.githubusercontent.com/cKq1fCQ7Ank32tQ40eqtQkfzyawcibeFdDadjGJFfvJvFKtwMe",
  "GitHubUrl": "https://github.com/DCGUY009/automaticdeploy-practice",
  "WorkFolder": "react-app"
}
[2022-08-22 19:00:39Z INFO MessageListener] Loading Credentials
[2022-08-22 19:00:39Z INFO ConfigurationStore] HasCredentials()
[2022-08-22 19:00:39Z INFO ConfigurationStore] stored True
[2022-08-22 19:00:39Z INFO CredentialManager] GetCredentialProvider
[2022-08-22 19:00:39Z INFO CredentialManager] Creating type OAuth
[2022-08-22 19:00:39Z INFO CredentialManager] Creating credential type: OAuth
[2022-08-22 19:00:39Z INFO HostContext] Well known directory 'Bin': 'E:\React\automaticdeploy-practice\actions-runner\bin'
[2022-08-22 19:00:39Z INFO HostContext] Well known directory 'Root': 'E:\React\automaticdeploy-practice\actions-runner'
[2022-08-22 19:00:39Z INFO HostContext] Well known config file 'RSACredentials': 'E:\React\automaticdeploy-practice\actions-runner\.credentials_rsaparams'
[2022-08-22 19:00:39Z INFO RSAEncryptedFileKeyManager] Loading RSA key parameters from file E:\React\automaticdeploy-practice\actions-runner\.credentials_rsaparams
[2022-08-22 19:00:39Z INFO MessageListener] Attempt to create session.
[2022-08-22 19:00:39Z INFO MessageListener] Connecting to the Runner Server...
[2022-08-22 19:00:39Z INFO RunnerServer] Establish connection with 100 seconds timeout.
[2022-08-22 19:00:39Z INFO GitHubActionsService] Starting operation Location.GetConnectionData
[2022-08-22 19:00:39Z INFO RunnerServer] Establish connection with 60 seconds timeout.
[2022-08-22 19:00:39Z INFO GitHubActionsService] Starting operation Location.GetConnectionData
[2022-08-22 19:00:39Z INFO RunnerServer] Establish connection with 60 seconds timeout.
[2022-08-22 19:00:39Z INFO GitHubActionsService] Starting operation Location.GetConnectionData
[2022-08-22 19:00:40Z INFO GitHubActionsService] Finished operation Location.GetConnectionData
[2022-08-22 19:00:40Z INFO GitHubActionsService] Finished operation Location.GetConnectionData
[2022-08-22 19:00:40Z INFO GitHubActionsService] Finished operation Location.GetConnectionData
[2022-08-22 19:00:41Z INFO MessageListener] VssConnection created
[2022-08-22 19:00:41Z INFO Terminal] WRITE LINE: 
[2022-08-22 19:00:41Z INFO Terminal] WRITE LINE: 
[2022-08-22 19:00:41Z INFO RSAEncryptedFileKeyManager] Loading RSA key parameters from file E:\React\automaticdeploy-practice\actions-runner\.credentials_rsaparams
[2022-08-22 19:00:41Z INFO RSAEncryptedFileKeyManager] Loading RSA key parameters from file E:\React\automaticdeploy-practice\actions-runner\.credentials_rsaparams
[2022-08-22 19:00:42Z INFO GitHubActionsService] AAD Correlation ID for this token request: Unknown
[2022-08-22 19:00:42Z INFO MessageListener] Session created.
[2022-08-22 19:00:42Z INFO Terminal] WRITE LINE: Current runner version: '2.295.0'
[2022-08-22 19:00:42Z INFO Terminal] WRITE LINE: 2022-08-22 19:00:42Z: Listening for Jobs
[2022-08-22 19:00:42Z INFO JobDispatcher] Set runner/worker IPC timeout to 30 seconds.
[2022-08-22 19:00:46Z INFO RSAEncryptedFileKeyManager] Loading RSA key parameters from file E:\React\automaticdeploy-practice\actions-runner\.credentials_rsaparams
[2022-08-22 19:00:46Z INFO MessageListener] Message '1' received from session 'd8c64c74-63ef-42b5-aef1-5d10f9d67814'.
[2022-08-22 19:00:46Z INFO Runner] Received job message of length 21826 from service, with hash '39da68274bd469ee1403c37c5dea2cff2b634106262e3840ea2fe048926fcf6a'
[2022-08-22 19:00:46Z INFO JobDispatcher] Job request 1 for plan 415270ed-f30c-4d13-9e8f-50529fc96dfa job 006c7e6f-00a1-57ff-4d9c-5871960fc9e4 received.
[2022-08-22 19:00:46Z INFO JobDispatcher] Pull OrchestrationId 415270ed-f30c-4d13-9e8f-50529fc96dfa.build._14_x from JWT claims
[2022-08-22 19:00:46Z INFO Terminal] WRITE LINE: 2022-08-22 19:00:46Z: Running job: build (14.x)
[2022-08-22 19:00:46Z INFO JobDispatcher] Start renew job request 1 for job 006c7e6f-00a1-57ff-4d9c-5871960fc9e4.
[2022-08-22 19:00:46Z INFO JobDispatcher] Successfully renew job request 1, job is valid till 22-08-2022 19:10:48
[2022-08-22 19:00:46Z INFO HostContext] Well known directory 'Bin': 'E:\React\automaticdeploy-practice\actions-runner\bin'
[2022-08-22 19:00:46Z INFO ProcessInvokerWrapper] Starting process:
[2022-08-22 19:00:46Z INFO ProcessInvokerWrapper]   File name: 'E:\React\automaticdeploy-practice\actions-runner\bin\Runner.Worker.exe'
[2022-08-22 19:00:46Z INFO ProcessInvokerWrapper]   Arguments: 'spawnclient 1840 2228'
[2022-08-22 19:00:46Z INFO ProcessInvokerWrapper]   Working directory: 'E:\React\automaticdeploy-practice\actions-runner\bin'
[2022-08-22 19:00:46Z INFO ProcessInvokerWrapper]   Require exit code zero: 'False'
[2022-08-22 19:00:46Z INFO ProcessInvokerWrapper]   Encoding web name:  ; code page: ''
[2022-08-22 19:00:46Z INFO ProcessInvokerWrapper]   Force kill process on cancellation: 'True'
[2022-08-22 19:00:46Z INFO ProcessInvokerWrapper]   Redirected STDIN: 'False'
[2022-08-22 19:00:46Z INFO ProcessInvokerWrapper]   Persist current code page: 'False'
[2022-08-22 19:00:46Z INFO ProcessInvokerWrapper]   Keep redirected STDIN open: 'False'
[2022-08-22 19:00:46Z INFO ProcessInvokerWrapper]   High priority process: 'True'
[2022-08-22 19:00:46Z INFO ProcessInvokerWrapper] Process started with process id 20300, waiting for process exit.
[2022-08-22 19:00:46Z INFO JobDispatcher] Send job request message to worker for job 006c7e6f-00a1-57ff-4d9c-5871960fc9e4.
[2022-08-22 19:00:46Z INFO ProcessChannel] Sending message of length 21826, with hash '39da68274bd469ee1403c37c5dea2cff2b634106262e3840ea2fe048926fcf6a'
[2022-08-22 19:00:47Z INFO JobNotification] Entering JobStarted Notification
[2022-08-22 19:00:47Z INFO JobNotification] Entering StartMonitor
[2022-08-22 19:01:47Z INFO JobDispatcher] Successfully renew job request 1, job is valid till 22-08-2022 19:11:49
[2022-08-22 19:02:11Z INFO ProcessInvokerWrapper] STDOUT/STDERR stream read finished.
[2022-08-22 19:02:11Z INFO ProcessInvokerWrapper] STDOUT/STDERR stream read finished.
[2022-08-22 19:02:11Z INFO ProcessInvokerWrapper] Finished process 20300 with exit code 102, and elapsed time 00:01:24.6983957.
[2022-08-22 19:02:11Z INFO JobDispatcher] Worker finished for job 006c7e6f-00a1-57ff-4d9c-5871960fc9e4. Code: 102
[2022-08-22 19:02:11Z INFO JobDispatcher] finish job request for job 006c7e6f-00a1-57ff-4d9c-5871960fc9e4 with result: Failed
[2022-08-22 19:02:11Z INFO Terminal] WRITE LINE: 2022-08-22 19:02:11Z: Job build (14.x) completed with result: Failed
[2022-08-22 19:02:11Z INFO JobDispatcher] Stop renew job request for job 006c7e6f-00a1-57ff-4d9c-5871960fc9e4.
[2022-08-22 19:02:11Z INFO JobDispatcher] job renew has been cancelled, stop renew job request 1.
[2022-08-22 19:02:11Z INFO JobNotification] Entering JobCompleted Notification
[2022-08-22 19:02:11Z INFO JobNotification] Entering EndMonitor
[2022-08-22 19:02:14Z INFO RSAEncryptedFileKeyManager] Loading RSA key parameters from file E:\React\automaticdeploy-practice\actions-runner\.credentials_rsaparams
[2022-08-22 19:02:14Z INFO MessageListener] Message '2' received from session 'd8c64c74-63ef-42b5-aef1-5d10f9d67814'.
[2022-08-22 19:02:14Z INFO Runner] Received job message of length 21826 from service, with hash '4b54ecb9b9637385ebe2d6e7bfd1accf38bc6dcb3cac38ff1e29f57ddb0dc056'
[2022-08-22 19:02:14Z INFO JobDispatcher] Job request 2 for plan 3729b91f-e1f6-4290-9107-df91040eedde job 006c7e6f-00a1-57ff-4d9c-5871960fc9e4 received.
[2022-08-22 19:02:14Z INFO JobDispatcher] Pull OrchestrationId 3729b91f-e1f6-4290-9107-df91040eedde.build._14_x from JWT claims
[2022-08-22 19:02:14Z INFO JobDispatcher] Job request 006c7e6f-00a1-57ff-4d9c-5871960fc9e4 processed succeed.
[2022-08-22 19:02:14Z INFO Terminal] WRITE LINE: 2022-08-22 19:02:14Z: Running job: build (14.x)
[2022-08-22 19:02:14Z INFO JobDispatcher] Start renew job request 2 for job 006c7e6f-00a1-57ff-4d9c-5871960fc9e4.
[2022-08-22 19:02:14Z INFO JobDispatcher] Successfully renew job request 2, job is valid till 22-08-2022 19:12:16
[2022-08-22 19:02:14Z INFO HostContext] Well known directory 'Bin': 'E:\React\automaticdeploy-practice\actions-runner\bin'
[2022-08-22 19:02:14Z INFO ProcessInvokerWrapper] Starting process:
[2022-08-22 19:02:14Z INFO ProcessInvokerWrapper]   File name: 'E:\React\automaticdeploy-practice\actions-runner\bin\Runner.Worker.exe'
[2022-08-22 19:02:14Z INFO ProcessInvokerWrapper]   Arguments: 'spawnclient 2328 2340'
[2022-08-22 19:02:14Z INFO ProcessInvokerWrapper]   Working directory: 'E:\React\automaticdeploy-practice\actions-runner\bin'
[2022-08-22 19:02:14Z INFO ProcessInvokerWrapper]   Require exit code zero: 'False'
[2022-08-22 19:02:14Z INFO ProcessInvokerWrapper]   Encoding web name:  ; code page: ''
[2022-08-22 19:02:14Z INFO ProcessInvokerWrapper]   Force kill process on cancellation: 'True'
[2022-08-22 19:02:14Z INFO ProcessInvokerWrapper]   Redirected STDIN: 'False'
[2022-08-22 19:02:14Z INFO ProcessInvokerWrapper]   Persist current code page: 'False'
[2022-08-22 19:02:14Z INFO ProcessInvokerWrapper]   Keep redirected STDIN open: 'False'
[2022-08-22 19:02:14Z INFO ProcessInvokerWrapper]   High priority process: 'True'
[2022-08-22 19:02:14Z INFO ProcessInvokerWrapper] Process started with process id 5244, waiting for process exit.
[2022-08-22 19:02:14Z INFO JobDispatcher] Send job request message to worker for job 006c7e6f-00a1-57ff-4d9c-5871960fc9e4.
[2022-08-22 19:02:14Z INFO ProcessChannel] Sending message of length 21826, with hash '4b54ecb9b9637385ebe2d6e7bfd1accf38bc6dcb3cac38ff1e29f57ddb0dc056'
[2022-08-22 19:02:14Z INFO JobNotification] Entering JobStarted Notification
[2022-08-22 19:02:14Z INFO JobNotification] Entering StartMonitor
[2022-08-22 19:02:46Z INFO ProcessInvokerWrapper] STDOUT/STDERR stream read finished.
[2022-08-22 19:02:46Z INFO ProcessInvokerWrapper] STDOUT/STDERR stream read finished.
[2022-08-22 19:02:46Z INFO ProcessInvokerWrapper] Finished process 5244 with exit code 102, and elapsed time 00:00:32.0640509.
[2022-08-22 19:02:46Z INFO JobDispatcher] Worker finished for job 006c7e6f-00a1-57ff-4d9c-5871960fc9e4. Code: 102
[2022-08-22 19:02:46Z INFO JobDispatcher] finish job request for job 006c7e6f-00a1-57ff-4d9c-5871960fc9e4 with result: Failed
[2022-08-22 19:02:46Z INFO Terminal] WRITE LINE: 2022-08-22 19:02:46Z: Job build (14.x) completed with result: Failed
[2022-08-22 19:02:46Z INFO JobDispatcher] Stop renew job request for job 006c7e6f-00a1-57ff-4d9c-5871960fc9e4.
[2022-08-22 19:02:46Z INFO JobDispatcher] job renew has been cancelled, stop renew job request 2.
[2022-08-22 19:02:46Z INFO JobNotification] Entering JobCompleted Notification
[2022-08-22 19:02:46Z INFO JobNotification] Entering EndMonitor
[2022-08-22 19:04:45Z INFO Terminal] WRITE LINE: Exiting...
[2022-08-22 19:04:45Z INFO ConfigurationStore] IsServiceConfigured()
[2022-08-22 19:04:45Z INFO ConfigurationStore] IsServiceConfigured: False
[2022-08-22 19:04:45Z INFO HostContext] Runner will be shutdown for UserCancelled
[2022-08-22 19:04:45Z WARN GitHubActionsService] GET request to https://pipelines.actions.githubusercontent.com/cKq1fCQ7Ank32tQ40eqtQkfzyawcibeFdDadjGJFfvJvFKtwMe/_apis/distributedtask/pools/1/messages?sessionId=d8c64c74-63ef-42b5-aef1-5d10f9d67814&lastMessageId=2&status=Online has been cancelled.
[2022-08-22 19:04:45Z INFO MessageListener] Get next message has been cancelled.
[2022-08-22 19:04:45Z INFO JobDispatcher] Shutting down JobDispatcher. Make sure all WorkerDispatcher has finished.
[2022-08-22 19:04:45Z INFO JobDispatcher] Ensure WorkerDispather for job 006c7e6f-00a1-57ff-4d9c-5871960fc9e4 run to finish, cancel any running job.
[2022-08-22 19:04:45Z INFO JobDispatcher] Job request 006c7e6f-00a1-57ff-4d9c-5871960fc9e4 processed succeed.
[2022-08-22 19:04:46Z INFO Listener] Runner execution been cancelled.
