[2022-08-22 19:00:07Z INFO HostContext] No proxy settings were found based on environmental variables (http_proxy/https_proxy/HTTP_PROXY/HTTPS_PROXY)
[2022-08-22 19:00:07Z INFO HostContext] Well known directory 'Bin': 'E:\React\automaticdeploy-practice\actions-runner\bin'
[2022-08-22 19:00:07Z INFO HostContext] Well known directory 'Root': 'E:\React\automaticdeploy-practice\actions-runner'
[2022-08-22 19:00:07Z INFO HostContext] Well known config file 'Credentials': 'E:\React\automaticdeploy-practice\actions-runner\.credentials'
[2022-08-22 19:00:07Z INFO HostContext] Well known directory 'Bin': 'E:\React\automaticdeploy-practice\actions-runner\bin'
[2022-08-22 19:00:07Z INFO HostContext] Well known directory 'Root': 'E:\React\automaticdeploy-practice\actions-runner'
[2022-08-22 19:00:07Z INFO HostContext] Well known config file 'Runner': 'E:\React\automaticdeploy-practice\actions-runner\.runner'
[2022-08-22 19:00:07Z INFO Listener] Runner is built for Windows (X64) - win-x64.
[2022-08-22 19:00:07Z INFO Listener] RuntimeInformation: Microsoft Windows 10.0.22000.
[2022-08-22 19:00:07Z INFO Listener] Version: 2.295.0
[2022-08-22 19:00:07Z INFO Listener] Commit: 78d13b4c96e0857c1323febcb0cac7d8f5cf5822
[2022-08-22 19:00:07Z INFO Listener] Culture: en-IN
[2022-08-22 19:00:07Z INFO Listener] UI Culture: en-US
[2022-08-22 19:00:07Z INFO HostContext] Well known directory 'Bin': 'E:\React\automaticdeploy-practice\actions-runner\bin'
[2022-08-22 19:00:07Z INFO HostContext] Well known directory 'Root': 'E:\React\automaticdeploy-practice\actions-runner'
[2022-08-22 19:00:07Z INFO Listener] Validating directory permissions for: 'E:\React\automaticdeploy-practice\actions-runner'
[2022-08-22 19:00:07Z INFO CommandLineParser] Parse
[2022-08-22 19:00:07Z INFO CommandLineParser] Parsing 5 args
[2022-08-22 19:00:07Z INFO CommandLineParser] parsing argument
[2022-08-22 19:00:07Z INFO CommandLineParser] HasArgs: False
[2022-08-22 19:00:07Z INFO CommandLineParser] Adding Command: configure
[2022-08-22 19:00:07Z INFO CommandLineParser] parsing argument
[2022-08-22 19:00:07Z INFO CommandLineParser] HasArgs: True
[2022-08-22 19:00:07Z INFO CommandLineParser] arg: url
[2022-08-22 19:00:07Z INFO CommandLineParser] parsing argument
[2022-08-22 19:00:07Z INFO CommandLineParser] HasArgs: True
[2022-08-22 19:00:07Z INFO CommandLineParser] Adding option 'url': 'https://github.com/DCGUY009/automaticdeploy-practice'
[2022-08-22 19:00:07Z INFO CommandLineParser] parsing argument
[2022-08-22 19:00:07Z INFO CommandLineParser] HasArgs: True
[2022-08-22 19:00:07Z INFO CommandLineParser] arg: token
[2022-08-22 19:00:07Z INFO CommandLineParser] parsing argument
[2022-08-22 19:00:07Z INFO CommandLineParser] HasArgs: True
[2022-08-22 19:00:07Z INFO CommandLineParser] Adding option 'token': '***'
[2022-08-22 19:00:07Z INFO Listener] Arguments parsed
[2022-08-22 19:00:07Z INFO Runner] ExecuteCommand
[2022-08-22 19:00:07Z INFO ConfigurationStore] currentAssemblyLocation: E:\React\automaticdeploy-practice\actions-runner\bin\Runner.Listener.dll
[2022-08-22 19:00:07Z INFO HostContext] Well known directory 'Bin': 'E:\React\automaticdeploy-practice\actions-runner\bin'
[2022-08-22 19:00:07Z INFO ConfigurationStore] binPath: E:\React\automaticdeploy-practice\actions-runner\bin
[2022-08-22 19:00:07Z INFO HostContext] Well known directory 'Bin': 'E:\React\automaticdeploy-practice\actions-runner\bin'
[2022-08-22 19:00:07Z INFO HostContext] Well known directory 'Root': 'E:\React\automaticdeploy-practice\actions-runner'
[2022-08-22 19:00:07Z INFO ConfigurationStore] RootFolder: E:\React\automaticdeploy-practice\actions-runner
[2022-08-22 19:00:07Z INFO HostContext] Well known directory 'Bin': 'E:\React\automaticdeploy-practice\actions-runner\bin'
[2022-08-22 19:00:07Z INFO HostContext] Well known directory 'Root': 'E:\React\automaticdeploy-practice\actions-runner'
[2022-08-22 19:00:07Z INFO HostContext] Well known config file 'Runner': 'E:\React\automaticdeploy-practice\actions-runner\.runner'
[2022-08-22 19:00:07Z INFO ConfigurationStore] ConfigFilePath: E:\React\automaticdeploy-practice\actions-runner\.runner
[2022-08-22 19:00:07Z INFO HostContext] Well known directory 'Bin': 'E:\React\automaticdeploy-practice\actions-runner\bin'
[2022-08-22 19:00:07Z INFO HostContext] Well known directory 'Root': 'E:\React\automaticdeploy-practice\actions-runner'
[2022-08-22 19:00:07Z INFO HostContext] Well known config file 'Credentials': 'E:\React\automaticdeploy-practice\actions-runner\.credentials'
[2022-08-22 19:00:07Z INFO ConfigurationStore] CredFilePath: E:\React\automaticdeploy-practice\actions-runner\.credentials
[2022-08-22 19:00:07Z INFO HostContext] Well known directory 'Bin': 'E:\React\automaticdeploy-practice\actions-runner\bin'
[2022-08-22 19:00:07Z INFO HostContext] Well known directory 'Root': 'E:\React\automaticdeploy-practice\actions-runner'
[2022-08-22 19:00:07Z INFO HostContext] Well known config file 'MigratedCredentials': 'E:\React\automaticdeploy-practice\actions-runner\.credentials_migrated'
[2022-08-22 19:00:07Z INFO ConfigurationStore] MigratedCredFilePath: E:\React\automaticdeploy-practice\actions-runner\.credentials_migrated
[2022-08-22 19:00:07Z INFO HostContext] Well known directory 'Bin': 'E:\React\automaticdeploy-practice\actions-runner\bin'
[2022-08-22 19:00:07Z INFO HostContext] Well known directory 'Root': 'E:\React\automaticdeploy-practice\actions-runner'
[2022-08-22 19:00:07Z INFO HostContext] Well known config file 'Service': 'E:\React\automaticdeploy-practice\actions-runner\.service'
[2022-08-22 19:00:07Z INFO ConfigurationStore] ServiceConfigFilePath: E:\React\automaticdeploy-practice\actions-runner\.service
[2022-08-22 19:00:07Z INFO CommandSettings] Flag 'help': 'False'
[2022-08-22 19:00:07Z INFO CommandSettings] Flag 'version': 'False'
[2022-08-22 19:00:07Z INFO CommandSettings] Flag 'commit': 'False'
[2022-08-22 19:00:07Z INFO CommandSettings] Flag 'check': 'False'
[2022-08-22 19:00:07Z INFO CommandSettings] Command 'configure': 'True'
[2022-08-22 19:00:07Z INFO Terminal] WRITE LINE: 
[2022-08-22 19:00:07Z INFO Terminal] WRITE LINE: --------------------------------------------------------------------------------
[2022-08-22 19:00:07Z INFO Terminal] WRITE LINE: |        ____ _ _   _   _       _          _        _   _                      |
[2022-08-22 19:00:07Z INFO Terminal] WRITE LINE: |       / ___(_) |_| | | |_   _| |__      / \   ___| |_(_) ___  _ __  ___      |
[2022-08-22 19:00:07Z INFO Terminal] WRITE LINE: |      | |  _| | __| |_| | | | | '_ \    / _ \ / __| __| |/ _ \| '_ \/ __|     |
[2022-08-22 19:00:07Z INFO Terminal] WRITE LINE: |      | |_| | | |_|  _  | |_| | |_) |  / ___ \ (__| |_| | (_) | | | \__ \     |
[2022-08-22 19:00:07Z INFO Terminal] WRITE LINE: |       \____|_|\__|_| |_|\__,_|_.__/  /_/   \_\___|\__|_|\___/|_| |_|___/     |
[2022-08-22 19:00:07Z INFO Terminal] WRITE LINE: |                                                                              |
[2022-08-22 19:00:07Z INFO Terminal] WRITE: |                       
[2022-08-22 19:00:07Z INFO Terminal] WRITE: Self-hosted runner registration
[2022-08-22 19:00:07Z INFO Terminal] WRITE LINE:                         |
[2022-08-22 19:00:07Z INFO Terminal] WRITE LINE: |                                                                              |
[2022-08-22 19:00:07Z INFO Terminal] WRITE LINE: --------------------------------------------------------------------------------
[2022-08-22 19:00:07Z INFO ConfigurationManager] ConfigureAsync
[2022-08-22 19:00:07Z INFO ConfigurationStore] IsConfigured()
[2022-08-22 19:00:07Z INFO ConfigurationStore] IsConfigured: False
[2022-08-22 19:00:07Z INFO ConfigurationManager] Is configured: False
[2022-08-22 19:00:07Z INFO CommandSettings] Arg 'url': 'https://github.com/DCGUY009/automaticdeploy-practice'
[2022-08-22 19:00:07Z INFO CommandSettings] Remove url from Arg dictionary.
[2022-08-22 19:00:07Z INFO CommandSettings] Arg 'token': '***'
[2022-08-22 19:00:07Z INFO CommandSettings] Remove token from Arg dictionary.
[2022-08-22 19:00:08Z INFO ConfigurationManager] Http response code: OK from 'POST https://api.github.com/actions/runner-registration'
[2022-08-22 19:00:08Z INFO ConfigurationManager] cred retrieved via GitHub auth
[2022-08-22 19:00:08Z INFO RunnerServer] Establish connection with 100 seconds timeout.
[2022-08-22 19:00:08Z INFO GitHubActionsService] Starting operation Location.GetConnectionData
[2022-08-22 19:00:08Z INFO RunnerServer] Establish connection with 60 seconds timeout.
[2022-08-22 19:00:08Z INFO GitHubActionsService] Starting operation Location.GetConnectionData
[2022-08-22 19:00:08Z INFO RunnerServer] Establish connection with 60 seconds timeout.
[2022-08-22 19:00:08Z INFO GitHubActionsService] Starting operation Location.GetConnectionData
[2022-08-22 19:00:09Z INFO GitHubActionsService] Finished operation Location.GetConnectionData
[2022-08-22 19:00:10Z INFO GitHubActionsService] Finished operation Location.GetConnectionData
[2022-08-22 19:00:10Z INFO GitHubActionsService] Finished operation Location.GetConnectionData
[2022-08-22 19:00:10Z INFO Terminal] WRITE LINE: 
[2022-08-22 19:00:10Z INFO ConfigurationManager] Test Connection complete.
[2022-08-22 19:00:10Z INFO HostContext] Well known directory 'Bin': 'E:\React\automaticdeploy-practice\actions-runner\bin'
[2022-08-22 19:00:10Z INFO HostContext] Well known directory 'Root': 'E:\React\automaticdeploy-practice\actions-runner'
[2022-08-22 19:00:10Z INFO HostContext] Well known config file 'RSACredentials': 'E:\React\automaticdeploy-practice\actions-runner\.credentials_rsaparams'
[2022-08-22 19:00:10Z INFO RSAEncryptedFileKeyManager] Creating new RSA key using 2048-bit key length
[2022-08-22 19:00:10Z INFO RSAEncryptedFileKeyManager] Successfully saved RSA key parameters to file E:\React\automaticdeploy-practice\actions-runner\.credentials_rsaparams
[2022-08-22 19:00:10Z INFO CommandSettings] Arg 'runnergroup': ''
[2022-08-22 19:00:10Z INFO CommandSettings] Flag 'unattended': 'False'
[2022-08-22 19:00:10Z INFO PromptManager] ReadValue
[2022-08-22 19:00:10Z INFO Terminal] WRITE: Enter the name of the runner group to add this runner to: 
[2022-08-22 19:00:10Z INFO Terminal] WRITE: [press Enter for Default] 
[2022-08-22 19:00:10Z INFO Terminal] READ LINE
[2022-08-22 19:00:12Z INFO Terminal] Read value: ''
[2022-08-22 19:00:12Z INFO PromptManager] Falling back to the default: 'Default'
[2022-08-22 19:00:12Z INFO Terminal] WRITE LINE: 
[2022-08-22 19:00:12Z INFO ConfigurationManager] Found a self-hosted runner group with id 1 and name Default
[2022-08-22 19:00:12Z INFO CommandSettings] Flag 'disableupdate': 'False'
[2022-08-22 19:00:12Z INFO CommandSettings] Flag 'ephemeral': 'False'
[2022-08-22 19:00:12Z INFO CommandSettings] Arg 'name': ''
[2022-08-22 19:00:12Z INFO CommandSettings] Flag 'unattended': 'False'
[2022-08-22 19:00:12Z INFO PromptManager] ReadValue
[2022-08-22 19:00:12Z INFO Terminal] WRITE: Enter the name of runner: 
[2022-08-22 19:00:12Z INFO Terminal] WRITE: [press Enter for SANTHOSH-DEN] 
[2022-08-22 19:00:12Z INFO Terminal] READ LINE
[2022-08-22 19:00:15Z INFO Terminal] Read value: 'react-app'
[2022-08-22 19:00:15Z INFO Terminal] WRITE LINE: 
[2022-08-22 19:00:15Z INFO CommandSettings] Arg 'labels': ''
[2022-08-22 19:00:15Z INFO CommandSettings] Flag 'unattended': 'False'
[2022-08-22 19:00:15Z INFO PromptManager] ReadValue
[2022-08-22 19:00:15Z INFO Terminal] WRITE: This runner will have the following labels: 'self-hosted', 'Windows', 'X64' 
Enter any additional labels (ex. label-1,label-2): 
[2022-08-22 19:00:15Z INFO Terminal] WRITE: [press Enter to skip] 
[2022-08-22 19:00:15Z INFO Terminal] READ LINE
[2022-08-22 19:00:17Z INFO Terminal] Read value: ''
[2022-08-22 19:00:17Z INFO Terminal] WRITE LINE: 
[2022-08-22 19:00:17Z INFO CommandSettings] Flag 'disableupdate': 'False'
[2022-08-22 19:00:17Z INFO CommandSettings] Flag 'disableupdate': 'False'
[2022-08-22 19:00:17Z INFO CommandSettings] Flag 'ephemeral': 'False'
[2022-08-22 19:00:17Z INFO ConfigurationStore] Saving OAuth credential @ E:\React\automaticdeploy-practice\actions-runner\.credentials
[2022-08-22 19:00:17Z INFO ConfigurationStore] Credentials Saved.
[2022-08-22 19:00:17Z INFO ConfigurationStore] HasCredentials()
[2022-08-22 19:00:17Z INFO ConfigurationStore] stored True
[2022-08-22 19:00:17Z INFO CredentialManager] GetCredentialProvider
[2022-08-22 19:00:17Z INFO CredentialManager] Creating type OAuth
[2022-08-22 19:00:17Z INFO CredentialManager] Creating credential type: OAuth
[2022-08-22 19:00:17Z INFO RSAEncryptedFileKeyManager] Loading RSA key parameters from file E:\React\automaticdeploy-practice\actions-runner\.credentials_rsaparams
[2022-08-22 19:00:17Z INFO RunnerServer] Establish connection with 100 seconds timeout.
[2022-08-22 19:00:17Z INFO GitHubActionsService] Starting operation Location.GetConnectionData
[2022-08-22 19:00:17Z INFO RunnerServer] Establish connection with 60 seconds timeout.
[2022-08-22 19:00:17Z INFO GitHubActionsService] Starting operation Location.GetConnectionData
[2022-08-22 19:00:17Z INFO RunnerServer] Establish connection with 60 seconds timeout.
[2022-08-22 19:00:17Z INFO GitHubActionsService] Starting operation Location.GetConnectionData
[2022-08-22 19:00:18Z INFO GitHubActionsService] Finished operation Location.GetConnectionData
[2022-08-22 19:00:19Z INFO GitHubActionsService] Finished operation Location.GetConnectionData
[2022-08-22 19:00:19Z INFO GitHubActionsService] Finished operation Location.GetConnectionData
[2022-08-22 19:00:19Z INFO RSAEncryptedFileKeyManager] Loading RSA key parameters from file E:\React\automaticdeploy-practice\actions-runner\.credentials_rsaparams
[2022-08-22 19:00:19Z INFO RSAEncryptedFileKeyManager] Loading RSA key parameters from file E:\React\automaticdeploy-practice\actions-runner\.credentials_rsaparams
[2022-08-22 19:00:20Z INFO GitHubActionsService] AAD Correlation ID for this token request: Unknown
[2022-08-22 19:00:21Z INFO CommandSettings] Arg 'work': ''
[2022-08-22 19:00:21Z INFO CommandSettings] Flag 'unattended': 'False'
[2022-08-22 19:00:21Z INFO PromptManager] ReadValue
[2022-08-22 19:00:21Z INFO Terminal] WRITE: Enter name of work folder: 
[2022-08-22 19:00:21Z INFO Terminal] WRITE: [press Enter for _work] 
[2022-08-22 19:00:21Z INFO Terminal] READ LINE
[2022-08-22 19:00:25Z INFO Terminal] Read value: 'react-app'
[2022-08-22 19:00:25Z INFO ConfigurationStore] Saving runner settings.
[2022-08-22 19:00:25Z INFO ConfigurationStore] Settings Saved.
[2022-08-22 19:00:25Z INFO Terminal] WRITE LINE: 
[2022-08-22 19:00:25Z INFO Terminal] WRITE LINE: 
[2022-08-22 19:00:25Z INFO CommandSettings] Flag 'runasservice': 'False'
[2022-08-22 19:00:25Z INFO CommandSettings] Flag 'unattended': 'False'
[2022-08-22 19:00:25Z INFO PromptManager] ReadValue
[2022-08-22 19:00:25Z INFO Terminal] WRITE: Would you like to run the runner as service? (Y/N) 
[2022-08-22 19:00:25Z INFO Terminal] WRITE: [press Enter for N] 
[2022-08-22 19:00:25Z INFO Terminal] READ LINE
[2022-08-22 19:00:26Z INFO Terminal] Read value: ''
[2022-08-22 19:00:26Z INFO PromptManager] Falling back to the default: 'N'
[2022-08-22 19:00:26Z INFO Listener] Runner execution has finished with return code 0
