[2022-08-22 19:05:38Z INFO HostContext] No proxy settings were found based on environmental variables (http_proxy/https_proxy/HTTP_PROXY/HTTPS_PROXY)
[2022-08-22 19:05:38Z INFO HostContext] Well known directory 'Bin': 'E:\React\automaticdeploy-practice\actions-runner\bin'
[2022-08-22 19:05:38Z INFO HostContext] Well known directory 'Root': 'E:\React\automaticdeploy-practice\actions-runner'
[2022-08-22 19:05:38Z INFO HostContext] Well known config file 'Credentials': 'E:\React\automaticdeploy-practice\actions-runner\.credentials'
[2022-08-22 19:05:39Z INFO HostContext] Well known directory 'Bin': 'E:\React\automaticdeploy-practice\actions-runner\bin'
[2022-08-22 19:05:39Z INFO HostContext] Well known directory 'Root': 'E:\React\automaticdeploy-practice\actions-runner'
[2022-08-22 19:05:39Z INFO HostContext] Well known config file 'Runner': 'E:\React\automaticdeploy-practice\actions-runner\.runner'
[2022-08-22 19:05:39Z INFO Listener] Runner is built for Windows (X64) - win-x64.
[2022-08-22 19:05:39Z INFO Listener] RuntimeInformation: Microsoft Windows 10.0.22000.
[2022-08-22 19:05:39Z INFO Listener] Version: 2.295.0
[2022-08-22 19:05:39Z INFO Listener] Commit: 78d13b4c96e0857c1323febcb0cac7d8f5cf5822
[2022-08-22 19:05:39Z INFO Listener] Culture: en-IN
[2022-08-22 19:05:39Z INFO Listener] UI Culture: en-US
[2022-08-22 19:05:39Z INFO HostContext] Well known directory 'Bin': 'E:\React\automaticdeploy-practice\actions-runner\bin'
[2022-08-22 19:05:39Z INFO HostContext] Well known directory 'Root': 'E:\React\automaticdeploy-practice\actions-runner'
[2022-08-22 19:05:39Z INFO Listener] Validating directory permissions for: 'E:\React\automaticdeploy-practice\actions-runner'
[2022-08-22 19:05:39Z INFO CommandLineParser] Parse
[2022-08-22 19:05:39Z INFO CommandLineParser] Parsing 1 args
[2022-08-22 19:05:39Z INFO CommandLineParser] parsing argument
[2022-08-22 19:05:39Z INFO CommandLineParser] HasArgs: False
[2022-08-22 19:05:39Z INFO CommandLineParser] Adding Command: run
[2022-08-22 19:05:39Z INFO Listener] Arguments parsed
[2022-08-22 19:05:39Z INFO Runner] ExecuteCommand
[2022-08-22 19:05:39Z INFO ConfigurationStore] currentAssemblyLocation: E:\React\automaticdeploy-practice\actions-runner\bin\Runner.Listener.dll
[2022-08-22 19:05:39Z INFO HostContext] Well known directory 'Bin': 'E:\React\automaticdeploy-practice\actions-runner\bin'
[2022-08-22 19:05:39Z INFO ConfigurationStore] binPath: E:\React\automaticdeploy-practice\actions-runner\bin
[2022-08-22 19:05:39Z INFO HostContext] Well known directory 'Bin': 'E:\React\automaticdeploy-practice\actions-runner\bin'
[2022-08-22 19:05:39Z INFO HostContext] Well known directory 'Root': 'E:\React\automaticdeploy-practice\actions-runner'
[2022-08-22 19:05:39Z INFO ConfigurationStore] RootFolder: E:\React\automaticdeploy-practice\actions-runner
[2022-08-22 19:05:39Z INFO HostContext] Well known directory 'Bin': 'E:\React\automaticdeploy-practice\actions-runner\bin'
[2022-08-22 19:05:39Z INFO HostContext] Well known directory 'Root': 'E:\React\automaticdeploy-practice\actions-runner'
[2022-08-22 19:05:39Z INFO HostContext] Well known config file 'Runner': 'E:\React\automaticdeploy-practice\actions-runner\.runner'
[2022-08-22 19:05:39Z INFO ConfigurationStore] ConfigFilePath: E:\React\automaticdeploy-practice\actions-runner\.runner
[2022-08-22 19:05:39Z INFO HostContext] Well known directory 'Bin': 'E:\React\automaticdeploy-practice\actions-runner\bin'
[2022-08-22 19:05:39Z INFO HostContext] Well known directory 'Root': 'E:\React\automaticdeploy-practice\actions-runner'
[2022-08-22 19:05:39Z INFO HostContext] Well known config file 'Credentials': 'E:\React\automaticdeploy-practice\actions-runner\.credentials'
[2022-08-22 19:05:39Z INFO ConfigurationStore] CredFilePath: E:\React\automaticdeploy-practice\actions-runner\.credentials
[2022-08-22 19:05:39Z INFO HostContext] Well known directory 'Bin': 'E:\React\automaticdeploy-practice\actions-runner\bin'
[2022-08-22 19:05:39Z INFO HostContext] Well known directory 'Root': 'E:\React\automaticdeploy-practice\actions-runner'
[2022-08-22 19:05:39Z INFO HostContext] Well known config file 'MigratedCredentials': 'E:\React\automaticdeploy-practice\actions-runner\.credentials_migrated'
[2022-08-22 19:05:39Z INFO ConfigurationStore] MigratedCredFilePath: E:\React\automaticdeploy-practice\actions-runner\.credentials_migrated
[2022-08-22 19:05:39Z INFO HostContext] Well known directory 'Bin': 'E:\React\automaticdeploy-practice\actions-runner\bin'
[2022-08-22 19:05:39Z INFO HostContext] Well known directory 'Root': 'E:\React\automaticdeploy-practice\actions-runner'
[2022-08-22 19:05:39Z INFO HostContext] Well known config file 'Service': 'E:\React\automaticdeploy-practice\actions-runner\.service'
[2022-08-22 19:05:39Z INFO ConfigurationStore] ServiceConfigFilePath: E:\React\automaticdeploy-practice\actions-runner\.service
[2022-08-22 19:05:39Z INFO CommandSettings] Flag 'help': 'False'
[2022-08-22 19:05:39Z INFO CommandSettings] Flag 'version': 'False'
[2022-08-22 19:05:39Z INFO CommandSettings] Flag 'commit': 'False'
[2022-08-22 19:05:39Z INFO CommandSettings] Flag 'check': 'False'
[2022-08-22 19:05:39Z INFO CommandSettings] Command 'configure': 'False'
[2022-08-22 19:05:39Z INFO CommandSettings] Command 'remove': 'False'
[2022-08-22 19:05:39Z INFO CommandSettings] Command 'warmup': 'False'
[2022-08-22 19:05:39Z INFO ConfigurationManager] LoadSettings
[2022-08-22 19:05:39Z INFO ConfigurationStore] IsConfigured()
[2022-08-22 19:05:39Z INFO ConfigurationStore] IsConfigured: True
[2022-08-22 19:05:39Z INFO ConfigurationManager] Is configured: True
[2022-08-22 19:05:39Z INFO ConfigurationStore] Read setting file: 311 chars
[2022-08-22 19:05:39Z INFO ConfigurationManager] Settings Loaded
[2022-08-22 19:05:39Z INFO ConfigurationStore] IsServiceConfigured()
[2022-08-22 19:05:39Z INFO ConfigurationStore] IsServiceConfigured: False
[2022-08-22 19:05:39Z INFO CommandSettings] Command 'run': 'True'
[2022-08-22 19:05:39Z INFO ConfigurationStore] IsConfigured()
[2022-08-22 19:05:39Z INFO ConfigurationStore] IsConfigured: True
[2022-08-22 19:05:39Z INFO ConfigurationManager] Is configured: True
[2022-08-22 19:05:39Z INFO Runner] Could not parse the argument value '' for StartupType. Defaulting to Manual
[2022-08-22 19:05:39Z INFO Runner] Set runner startup type - Manual
[2022-08-22 19:05:39Z INFO CommandSettings] Flag 'once': 'False'
[2022-08-22 19:05:39Z INFO CommandSettings] Flag 'once': 'False'
[2022-08-22 19:05:39Z INFO Runner] RunAsync
[2022-08-22 19:05:39Z INFO ConfigurationManager] LoadSettings
[2022-08-22 19:05:39Z INFO ConfigurationStore] IsConfigured()
[2022-08-22 19:05:39Z INFO ConfigurationStore] IsConfigured: True
[2022-08-22 19:05:39Z INFO ConfigurationManager] Is configured: True
[2022-08-22 19:05:39Z INFO ConfigurationManager] Settings Loaded
[2022-08-22 19:05:39Z INFO MessageListener] {
  "AgentId": 2,
  "AgentName": "react-app",
  "PoolId": 1,
  "PoolName": "Default",
  "ServerUrl": "https://pipelines.actions.githubusercontent.com/cKq1fCQ7Ank32tQ40eqtQkfzyawcibeFdDadjGJFfvJvFKtwMe",
  "GitHubUrl": "https://github.com/DCGUY009/automaticdeploy-practice",
  "WorkFolder": "react-app"
}
[2022-08-22 19:05:39Z INFO MessageListener] Loading Credentials
[2022-08-22 19:05:39Z INFO ConfigurationStore] HasCredentials()
[2022-08-22 19:05:39Z INFO ConfigurationStore] stored True
[2022-08-22 19:05:39Z INFO CredentialManager] GetCredentialProvider
[2022-08-22 19:05:39Z INFO CredentialManager] Creating type OAuth
[2022-08-22 19:05:39Z INFO CredentialManager] Creating credential type: OAuth
[2022-08-22 19:05:39Z INFO HostContext] Well known directory 'Bin': 'E:\React\automaticdeploy-practice\actions-runner\bin'
[2022-08-22 19:05:39Z INFO HostContext] Well known directory 'Root': 'E:\React\automaticdeploy-practice\actions-runner'
[2022-08-22 19:05:39Z INFO HostContext] Well known config file 'RSACredentials': 'E:\React\automaticdeploy-practice\actions-runner\.credentials_rsaparams'
[2022-08-22 19:05:39Z INFO RSAEncryptedFileKeyManager] Loading RSA key parameters from file E:\React\automaticdeploy-practice\actions-runner\.credentials_rsaparams
[2022-08-22 19:05:39Z INFO MessageListener] Attempt to create session.
[2022-08-22 19:05:39Z INFO MessageListener] Connecting to the Runner Server...
[2022-08-22 19:05:39Z INFO RunnerServer] Establish connection with 100 seconds timeout.
[2022-08-22 19:05:39Z INFO GitHubActionsService] Starting operation Location.GetConnectionData
[2022-08-22 19:05:39Z INFO RunnerServer] Establish connection with 60 seconds timeout.
[2022-08-22 19:05:39Z INFO GitHubActionsService] Starting operation Location.GetConnectionData
[2022-08-22 19:05:39Z INFO RunnerServer] Establish connection with 60 seconds timeout.
[2022-08-22 19:05:39Z INFO GitHubActionsService] Starting operation Location.GetConnectionData
[2022-08-22 19:05:40Z INFO GitHubActionsService] Finished operation Location.GetConnectionData
[2022-08-22 19:05:40Z INFO GitHubActionsService] Finished operation Location.GetConnectionData
[2022-08-22 19:05:40Z INFO GitHubActionsService] Finished operation Location.GetConnectionData
[2022-08-22 19:05:40Z INFO MessageListener] VssConnection created
[2022-08-22 19:05:40Z INFO Terminal] WRITE LINE: 
[2022-08-22 19:05:40Z INFO Terminal] WRITE LINE: 
[2022-08-22 19:05:40Z INFO RSAEncryptedFileKeyManager] Loading RSA key parameters from file E:\React\automaticdeploy-practice\actions-runner\.credentials_rsaparams
[2022-08-22 19:05:41Z INFO RSAEncryptedFileKeyManager] Loading RSA key parameters from file E:\React\automaticdeploy-practice\actions-runner\.credentials_rsaparams
[2022-08-22 19:05:41Z INFO GitHubActionsService] AAD Correlation ID for this token request: Unknown
[2022-08-22 19:05:42Z INFO MessageListener] Session created.
[2022-08-22 19:05:42Z INFO Terminal] WRITE LINE: Current runner version: '2.295.0'
[2022-08-22 19:05:42Z INFO Terminal] WRITE LINE: 2022-08-22 19:05:42Z: Listening for Jobs
[2022-08-22 19:05:42Z INFO JobDispatcher] Set runner/worker IPC timeout to 30 seconds.
[2022-08-22 19:06:19Z INFO RSAEncryptedFileKeyManager] Loading RSA key parameters from file E:\React\automaticdeploy-practice\actions-runner\.credentials_rsaparams
[2022-08-22 19:06:19Z INFO MessageListener] Message '3' received from session 'c114f967-9c0b-40c7-82cd-74b1fe8188fe'.
[2022-08-22 19:06:19Z INFO Runner] Received job message of length 21826 from service, with hash 'bf4802fde8694dffe61e62092632b73d435316bbb96886dc70c9b858cfce8ecd'
[2022-08-22 19:06:19Z INFO JobDispatcher] Job request 3 for plan b0bbd009-ea04-4af0-a860-1a7b89d64a81 job 006c7e6f-00a1-57ff-4d9c-5871960fc9e4 received.
[2022-08-22 19:06:19Z INFO JobDispatcher] Pull OrchestrationId b0bbd009-ea04-4af0-a860-1a7b89d64a81.build._14_x from JWT claims
[2022-08-22 19:06:19Z INFO Terminal] WRITE LINE: 2022-08-22 19:06:19Z: Running job: build (14.x)
[2022-08-22 19:06:19Z INFO JobDispatcher] Start renew job request 3 for job 006c7e6f-00a1-57ff-4d9c-5871960fc9e4.
[2022-08-22 19:06:19Z INFO JobDispatcher] Successfully renew job request 3, job is valid till 22-08-2022 19:16:21
[2022-08-22 19:06:20Z INFO HostContext] Well known directory 'Bin': 'E:\React\automaticdeploy-practice\actions-runner\bin'
[2022-08-22 19:06:20Z INFO ProcessInvokerWrapper] Starting process:
[2022-08-22 19:06:20Z INFO ProcessInvokerWrapper]   File name: 'E:\React\automaticdeploy-practice\actions-runner\bin\Runner.Worker.exe'
[2022-08-22 19:06:20Z INFO ProcessInvokerWrapper]   Arguments: 'spawnclient 2232 2244'
[2022-08-22 19:06:20Z INFO ProcessInvokerWrapper]   Working directory: 'E:\React\automaticdeploy-practice\actions-runner\bin'
[2022-08-22 19:06:20Z INFO ProcessInvokerWrapper]   Require exit code zero: 'False'
[2022-08-22 19:06:20Z INFO ProcessInvokerWrapper]   Encoding web name:  ; code page: ''
[2022-08-22 19:06:20Z INFO ProcessInvokerWrapper]   Force kill process on cancellation: 'True'
[2022-08-22 19:06:20Z INFO ProcessInvokerWrapper]   Redirected STDIN: 'False'
[2022-08-22 19:06:20Z INFO ProcessInvokerWrapper]   Persist current code page: 'False'
[2022-08-22 19:06:20Z INFO ProcessInvokerWrapper]   Keep redirected STDIN open: 'False'
[2022-08-22 19:06:20Z INFO ProcessInvokerWrapper]   High priority process: 'True'
[2022-08-22 19:06:20Z INFO ProcessInvokerWrapper] Process started with process id 21060, waiting for process exit.
[2022-08-22 19:06:20Z INFO JobDispatcher] Send job request message to worker for job 006c7e6f-00a1-57ff-4d9c-5871960fc9e4.
[2022-08-22 19:06:20Z INFO ProcessChannel] Sending message of length 21826, with hash 'bf4802fde8694dffe61e62092632b73d435316bbb96886dc70c9b858cfce8ecd'
[2022-08-22 19:06:20Z INFO JobNotification] Entering JobStarted Notification
[2022-08-22 19:06:20Z INFO JobNotification] Entering StartMonitor
[2022-08-22 19:07:20Z INFO JobDispatcher] Successfully renew job request 3, job is valid till 22-08-2022 19:17:22
[2022-08-22 19:08:20Z INFO JobDispatcher] Successfully renew job request 3, job is valid till 22-08-2022 19:18:22
[2022-08-22 19:09:21Z INFO JobDispatcher] Successfully renew job request 3, job is valid till 22-08-2022 19:19:23
[2022-08-22 19:10:21Z INFO JobDispatcher] Successfully renew job request 3, job is valid till 22-08-2022 19:20:23
[2022-08-22 19:11:21Z INFO JobDispatcher] Successfully renew job request 3, job is valid till 22-08-2022 19:21:23
[2022-08-22 19:12:21Z INFO JobDispatcher] Successfully renew job request 3, job is valid till 22-08-2022 19:22:23
[2022-08-22 19:12:45Z INFO ProcessInvokerWrapper] STDOUT/STDERR stream read finished.
[2022-08-22 19:12:45Z INFO ProcessInvokerWrapper] STDOUT/STDERR stream read finished.
[2022-08-22 19:12:45Z INFO ProcessInvokerWrapper] Finished process 21060 with exit code 100, and elapsed time 00:06:25.7272376.
[2022-08-22 19:12:45Z INFO JobDispatcher] Worker finished for job 006c7e6f-00a1-57ff-4d9c-5871960fc9e4. Code: 100
[2022-08-22 19:12:45Z INFO JobDispatcher] finish job request for job 006c7e6f-00a1-57ff-4d9c-5871960fc9e4 with result: Succeeded
[2022-08-22 19:12:45Z INFO Terminal] WRITE LINE: 2022-08-22 19:12:45Z: Job build (14.x) completed with result: Succeeded
[2022-08-22 19:12:45Z INFO JobDispatcher] Stop renew job request for job 006c7e6f-00a1-57ff-4d9c-5871960fc9e4.
[2022-08-22 19:12:45Z INFO JobDispatcher] job renew has been cancelled, stop renew job request 3.
[2022-08-22 19:12:45Z INFO JobNotification] Entering JobCompleted Notification
[2022-08-22 19:12:45Z INFO JobNotification] Entering EndMonitor
[2022-08-22 19:13:25Z INFO RSAEncryptedFileKeyManager] Loading RSA key parameters from file E:\React\automaticdeploy-practice\actions-runner\.credentials_rsaparams
[2022-08-22 19:13:25Z INFO MessageListener] Message '4' received from session 'c114f967-9c0b-40c7-82cd-74b1fe8188fe'.
[2022-08-22 19:13:25Z INFO Runner] Received job message of length 21826 from service, with hash '4d245e9423f7af9476b148709a032ffdf01cb2b9ca0ec975912b12e1a0beba98'
[2022-08-22 19:13:25Z INFO JobDispatcher] Job request 4 for plan cc6d98df-11bd-46e1-9e1f-02f2936c6335 job 006c7e6f-00a1-57ff-4d9c-5871960fc9e4 received.
[2022-08-22 19:13:25Z INFO JobDispatcher] Pull OrchestrationId cc6d98df-11bd-46e1-9e1f-02f2936c6335.build._14_x from JWT claims
[2022-08-22 19:13:25Z INFO JobDispatcher] Job request 006c7e6f-00a1-57ff-4d9c-5871960fc9e4 processed succeed.
[2022-08-22 19:13:25Z INFO Terminal] WRITE LINE: 2022-08-22 19:13:25Z: Running job: build (14.x)
[2022-08-22 19:13:25Z INFO JobDispatcher] Start renew job request 4 for job 006c7e6f-00a1-57ff-4d9c-5871960fc9e4.
[2022-08-22 19:13:26Z INFO JobDispatcher] Successfully renew job request 4, job is valid till 22-08-2022 19:23:28
[2022-08-22 19:13:26Z INFO HostContext] Well known directory 'Bin': 'E:\React\automaticdeploy-practice\actions-runner\bin'
[2022-08-22 19:13:26Z INFO ProcessInvokerWrapper] Starting process:
[2022-08-22 19:13:26Z INFO ProcessInvokerWrapper]   File name: 'E:\React\automaticdeploy-practice\actions-runner\bin\Runner.Worker.exe'
[2022-08-22 19:13:26Z INFO ProcessInvokerWrapper]   Arguments: 'spawnclient 1932 1484'
[2022-08-22 19:13:26Z INFO ProcessInvokerWrapper]   Working directory: 'E:\React\automaticdeploy-practice\actions-runner\bin'
[2022-08-22 19:13:26Z INFO ProcessInvokerWrapper]   Require exit code zero: 'False'
[2022-08-22 19:13:26Z INFO ProcessInvokerWrapper]   Encoding web name:  ; code page: ''
[2022-08-22 19:13:26Z INFO ProcessInvokerWrapper]   Force kill process on cancellation: 'True'
[2022-08-22 19:13:26Z INFO ProcessInvokerWrapper]   Redirected STDIN: 'False'
[2022-08-22 19:13:26Z INFO ProcessInvokerWrapper]   Persist current code page: 'False'
[2022-08-22 19:13:26Z INFO ProcessInvokerWrapper]   Keep redirected STDIN open: 'False'
[2022-08-22 19:13:26Z INFO ProcessInvokerWrapper]   High priority process: 'True'
[2022-08-22 19:13:26Z INFO ProcessInvokerWrapper] Process started with process id 3240, waiting for process exit.
[2022-08-22 19:13:26Z INFO JobDispatcher] Send job request message to worker for job 006c7e6f-00a1-57ff-4d9c-5871960fc9e4.
[2022-08-22 19:13:26Z INFO ProcessChannel] Sending message of length 21826, with hash '4d245e9423f7af9476b148709a032ffdf01cb2b9ca0ec975912b12e1a0beba98'
[2022-08-22 19:13:27Z INFO JobNotification] Entering JobStarted Notification
[2022-08-22 19:13:27Z INFO JobNotification] Entering StartMonitor
[2022-08-22 19:14:26Z INFO JobDispatcher] Successfully renew job request 4, job is valid till 22-08-2022 19:24:28
[2022-08-22 19:15:26Z INFO JobDispatcher] Successfully renew job request 4, job is valid till 22-08-2022 19:25:28
[2022-08-22 19:16:26Z INFO JobDispatcher] Successfully renew job request 4, job is valid till 22-08-2022 19:26:28
[2022-08-22 19:17:27Z INFO JobDispatcher] Successfully renew job request 4, job is valid till 22-08-2022 19:27:29
[2022-08-22 19:18:27Z INFO JobDispatcher] Successfully renew job request 4, job is valid till 22-08-2022 19:28:29
[2022-08-22 19:19:27Z INFO JobDispatcher] Successfully renew job request 4, job is valid till 22-08-2022 19:29:29
[2022-08-22 19:20:28Z INFO JobDispatcher] Successfully renew job request 4, job is valid till 22-08-2022 19:30:30
[2022-08-22 19:20:48Z INFO ProcessInvokerWrapper] STDOUT/STDERR stream read finished.
[2022-08-22 19:20:48Z INFO ProcessInvokerWrapper] STDOUT/STDERR stream read finished.
[2022-08-22 19:20:48Z INFO ProcessInvokerWrapper] Finished process 3240 with exit code 100, and elapsed time 00:07:21.9870381.
[2022-08-22 19:20:48Z INFO JobDispatcher] Worker finished for job 006c7e6f-00a1-57ff-4d9c-5871960fc9e4. Code: 100
[2022-08-22 19:20:48Z INFO JobDispatcher] finish job request for job 006c7e6f-00a1-57ff-4d9c-5871960fc9e4 with result: Succeeded
[2022-08-22 19:20:48Z INFO Terminal] WRITE LINE: 2022-08-22 19:20:48Z: Job build (14.x) completed with result: Succeeded
[2022-08-22 19:20:48Z INFO JobDispatcher] Stop renew job request for job 006c7e6f-00a1-57ff-4d9c-5871960fc9e4.
[2022-08-22 19:20:48Z INFO JobDispatcher] job renew has been cancelled, stop renew job request 4.
[2022-08-22 19:20:48Z INFO JobNotification] Entering JobCompleted Notification
[2022-08-22 19:20:48Z INFO JobNotification] Entering EndMonitor
